<?xml version="1.0"?><coverage lines-covered="18" lines-valid="39" line-rate="0.46153846153846156" branches-covered="0" branches-valid="0" branch-rate="0" complexity="0" version="1.9" timestamp="1712662786"><sources><source>/home/ashgw/work/oauth2-utils</source></sources><packages><package name="src/consts" line-rate="0" branch-rate="0" complexity="0"><classes></classes></package><package name="src/urlsafe" line-rate="1" branch-rate="0" complexity="0"><classes><class name="b64" filename="src/urlsafe/b64.rs" line-rate="1" branch-rate="0" complexity="0"><methods/><lines><line number="7" hits="3"/><line number="11" hits="3"/><line number="17" hits="1"/><line number="21" hits="1"/><line number="22" hits="1"/><line number="23" hits="1"/></lines></class><class name="tokens" filename="src/urlsafe/tokens.rs" line-rate="1" branch-rate="0" complexity="0"><methods/><lines><line number="5" hits="2"/><line number="6" hits="2"/><line number="7" hits="2"/><line number="8" hits="4"/><line number="10" hits="4"/></lines></class></classes></package><package name="src/pkce" line-rate="0.5384615384615384" branch-rate="0" complexity="0"><classes><class name="gen" filename="src/pkce/gen.rs" line-rate="1" branch-rate="0" complexity="0"><methods/><lines><line number="12" hits="2"/><line number="13" hits="2"/><line number="14" hits="2"/><line number="15" hits="1"/><line number="17" hits="2"/><line number="25" hits="1"/><line number="26" hits="1"/></lines></class><class name="mod" filename="src/pkce/mod.rs" line-rate="0" branch-rate="0" complexity="0"><methods/><lines><line number="22" hits="0"/><line number="23" hits="0"/><line number="24" hits="0"/><line number="25" hits="0"/><line number="36" hits="0"/><line number="37" hits="0"/></lines></class></classes></package><package name="src" line-rate="0.46153846153846156" branch-rate="0" complexity="0"><classes></classes></package><package name="src/errors" line-rate="0" branch-rate="0" complexity="0"><classes><class name="mod" filename="src/errors/mod.rs" line-rate="0" branch-rate="0" complexity="0"><methods/><lines><line number="29" hits="0"/><line number="30" hits="0"/><line number="31" hits="0"/><line number="32" hits="0"/><line number="38" hits="0"/><line number="39" hits="0"/><line number="40" hits="0"/><line number="41" hits="0"/><line number="42" hits="0"/><line number="48" hits="0"/><line number="49" hits="0"/><line number="54" hits="0"/><line number="55" hits="0"/><line number="60" hits="0"/><line number="61" hits="0"/></lines></class></classes></package></packages></coverage>